code-server (1.75.1, prod-field.cs.domino.tech, server-distro)
Jupyter Extension Version: 2022.10.110.
Python Extension Version: 2023.4.1.
Workspace folder /mnt/code
info 17:00:28.464: ZMQ install verified.
info 17:00:28.871: LSP Notebooks experiment is disabled -- Pylance disabled or not installed
info 17:00:29.316: Got env vars ourselves faster /opt/conda/bin/python with env var count 275 in 178ms
info 17:00:29.328: Process Execution: > /opt/conda/bin/python -m pip list
> /opt/conda/bin/python -m pip list
info 17:00:32.281: Got env vars with python /opt/conda/bin/python, with env var count 276 and custom env var count 0 in 3142ms
info 17:01:03.899: Preferred Remote kernel for /mnt/code/machine_learning/log_error_classifier_playground.ipynb is undefined
info 17:01:03.899: Preferred Remote kernel for /mnt/code/machine_learning/log_error_classifier_playground.ipynb is undefined
info 17:01:03.899: Find preferred kernel for /mnt/code/machine_learning/log_error_classifier_playground.ipynb with metadata {"dca-init":"true","kernelspec":{"display_name":"base","language":"python","name":"python3"},"language_info":{"codemirror_mode":{"name":"ipython","version":3},"file_extension":".py","mimetype":"text/x-python","name":"python","nbconvert_exporter":"python","pygments_lexer":"ipython3","version":"3.9.18 (main, Sep 11 2023, 13:41:44) \n[GCC 11.2.0]"},"vscode":{"interpreter":{"hash":"d4d1e4263499bec80672ea0156c357c1ee493ec2b1c70f0acce89fc37c4a6abe"}}} & preferred interpreter /opt/conda/bin/python
info 17:01:03.902: Preferred Remote kernel for /mnt/code/machine_learning/log_error_classifier_playground.ipynb is undefined
info 17:01:03.902: Preferred kernel .jvsc74a57bd0d4d1e4263499bec80672ea0156c357c1ee493ec2b1c70f0acce89fc37c4a6abe./opt/conda/python./opt/conda/python.-m#ipykernel_launcher is exact match or top match for non python kernels, (false, [object Object], true, false)
info 17:01:03.903: PreferredConnection: .jvsc74a57bd0d4d1e4263499bec80672ea0156c357c1ee493ec2b1c70f0acce89fc37c4a6abe./opt/conda/python./opt/conda/python.-m#ipykernel_launcher found for NotebookDocument: /mnt/code/machine_learning/log_error_classifier_playground.ipynb
info 18:25:01.671: Shutting down notebooks for 3154a8c8-b4c0-4aeb-806c-5f9611a01610
info 18:25:01.671: Disposing HostJupyterExecution 0cb807f2-0ab4-4896-939a-41c8499f0bc7
info 18:25:01.671: Disposing super HostJupyterExecution 0cb807f2-0ab4-4896-939a-41c8499f0bc7
info 18:25:01.672: Disposing HostJupyterExecution 0cb807f2-0ab4-4896-939a-41c8499f0bc7
info 18:25:01.672: Finished disposing HostJupyterExecution  0cb807f2-0ab4-4896-939a-41c8499f0bc7
info 18:25:01.677: Cleaning up server cache 0cb807f2-0ab4-4896-939a-41c8499f0bc7
info 18:25:01.678: Finished disposing HostJupyterExecution  0cb807f2-0ab4-4896-939a-41c8499f0bc7
